<?xml version="1.0" encoding="UTF-8"?>
<testng-results ignored="0" total="1" passed="1" failed="0" skipped="0">
  <reporter-output>
    <line>
      <![CDATA[Test case is sucess generated by listeneres]]>
    </line>
  </reporter-output>
  <suite started-at="2024-12-14T21:32:36 IST" name="Default suite" finished-at="2024-12-14T21:33:23 IST" duration-ms="46578">
    <groups>
    </groups>
    <test started-at="2024-12-14T21:32:36 IST" name="Default test" finished-at="2024-12-14T21:33:23 IST" duration-ms="46578">
      <class name="test.TestCase2">
        <test-method is-config="true" signature="launch(java.lang.String)[pri:0, instance:test.TestCase2@7bd4937b]" started-at="2024-12-14T21:32:36 IST" name="launch" finished-at="2024-12-14T21:33:04 IST" duration-ms="27656" status="PASS">
          <params>
            <param index="0">
              <value>
                <![CDATA[browser]]>
              </value>
            </param>
          </params>
          <reporter-output>
          </reporter-output>
        </test-method> <!-- launch -->
        <test-method signature="Loginsuccessfull()[pri:0, instance:test.TestCase2@7bd4937b]" started-at="2024-12-14T21:33:04 IST" name="Loginsuccessfull" finished-at="2024-12-14T21:33:15 IST" duration-ms="10876" status="PASS">
          <reporter-output>
            <line>
              <![CDATA[Test case is sucess generated by listeneres]]>
            </line>
          </reporter-output>
        </test-method> <!-- Loginsuccessfull -->
      </class> <!-- test.TestCase2 -->
    </test> <!-- Default test -->
  </suite> <!-- Default suite -->
</testng-results>
