<?xml version="1.0" encoding="UTF-8"?>
<testng-results ignored="0" total="3" passed="2" failed="1" skipped="0">
  <reporter-output>
    <line>
      <![CDATA[Test case is sucess generated by listeneres]]>
    </line>
    <line>
      <![CDATA[Test case is Failure generated by listeneres]]>
    </line>
    <line>
      <![CDATA[Test case is sucess generated by listeneres]]>
    </line>
  </reporter-output>
  <suite started-at="2024-12-14T14:58:37 IST" name="Suite" finished-at="2024-12-14T15:00:26 IST" duration-ms="109250">
    <groups>
    </groups>
    <test started-at="2024-12-14T14:58:37 IST" name="Test1" finished-at="2024-12-14T14:58:59 IST" duration-ms="22334">
      <class name="test.TestCase2">
        <test-method is-config="true" signature="launch(java.lang.String)[pri:0, instance:test.TestCase2@58d75e99]" started-at="2024-12-14T14:58:37 IST" name="launch" finished-at="2024-12-14T14:58:46 IST" duration-ms="8723" status="PASS">
          <params>
            <param index="0">
              <value>
                <![CDATA[Chrome]]>
              </value>
            </param>
          </params>
          <reporter-output>
          </reporter-output>
        </test-method> <!-- launch -->
        <test-method signature="Loginsuccessfull()[pri:0, instance:test.TestCase2@58d75e99]" started-at="2024-12-14T14:58:46 IST" name="Loginsuccessfull" finished-at="2024-12-14T14:58:54 IST" duration-ms="8496" status="PASS">
          <reporter-output>
            <line>
              <![CDATA[Test case is sucess generated by listeneres]]>
            </line>
          </reporter-output>
        </test-method> <!-- Loginsuccessfull -->
      </class> <!-- test.TestCase2 -->
    </test> <!-- Test1 -->
    <test started-at="2024-12-14T14:59:00 IST" name="Test2" finished-at="2024-12-14T14:59:42 IST" duration-ms="42000">
      <class name="test.TestCase2">
        <test-method is-config="true" signature="launch(java.lang.String)[pri:0, instance:test.TestCase2@f09733f]" started-at="2024-12-14T14:59:00 IST" name="launch" finished-at="2024-12-14T14:59:35 IST" duration-ms="35043" status="PASS">
          <params>
            <param index="0">
              <value>
                <![CDATA[Firefox]]>
              </value>
            </param>
          </params>
          <reporter-output>
          </reporter-output>
        </test-method> <!-- launch -->
        <test-method signature="Loginsuccessfull()[pri:0, instance:test.TestCase2@f09733f]" started-at="2024-12-14T14:59:35 IST" name="Loginsuccessfull" finished-at="2024-12-14T14:59:41 IST" duration-ms="5770" status="FAIL">
          <exception class="org.openqa.selenium.ElementNotInteractableException">
            <message>
              <![CDATA[Element <span class="nav-action-inner"> could not be scrolled into view
Build info: version: '4.23.0', revision: '4df0a231af'
System info: os.name: 'Windows 11', os.arch: 'amd64', os.version: '10.0', java.version: '17.0.9'
Driver info: org.openqa.selenium.firefox.FirefoxDriver
Command: [350d62ac-94a2-4a74-95f3-9cb111721ffd, clickElement {id=b2be0da5-1c22-4974-ba6d-7287c212b571}]
Capabilities {acceptInsecureCerts: true, browserName: firefox, browserVersion: 133.0.3, moz:accessibilityChecks: false, moz:buildID: 20241209150345, moz:debuggerAddress: 127.0.0.1:40415, moz:geckodriverVersion: 0.35.0, moz:headless: false, moz:platformVersion: 10.0, moz:processID: 14980, moz:profile: C:\Users\ASUS\AppData\Local..., moz:shutdownTimeout: 60000, moz:webdriverClick: true, moz:windowless: false, pageLoadStrategy: normal, platformName: windows, proxy: Proxy(), se:cdp: ws://127.0.0.1:40415/devtoo..., se:cdpVersion: 85.0, setWindowRect: true, strictFileInteractability: false, timeouts: {implicit: 0, pageLoad: 300000, script: 30000}, unhandledPromptBehavior: dismiss and notify, userAgent: Mozilla/5.0 (Windows NT 10....}
Element: [[FirefoxDriver: firefox on windows (350d62ac-94a2-4a74-95f3-9cb111721ffd)] -> xpath: (//span[.='Sign in'])[1]]
Session ID: 350d62ac-94a2-4a74-95f3-9cb111721ffd]]>
            </message>
            <full-stacktrace>
              <![CDATA[org.openqa.selenium.ElementNotInteractableException: Element <span class="nav-action-inner"> could not be scrolled into view
Build info: version: '4.23.0', revision: '4df0a231af'
System info: os.name: 'Windows 11', os.arch: 'amd64', os.version: '10.0', java.version: '17.0.9'
Driver info: org.openqa.selenium.firefox.FirefoxDriver
Command: [350d62ac-94a2-4a74-95f3-9cb111721ffd, clickElement {id=b2be0da5-1c22-4974-ba6d-7287c212b571}]
Capabilities {acceptInsecureCerts: true, browserName: firefox, browserVersion: 133.0.3, moz:accessibilityChecks: false, moz:buildID: 20241209150345, moz:debuggerAddress: 127.0.0.1:40415, moz:geckodriverVersion: 0.35.0, moz:headless: false, moz:platformVersion: 10.0, moz:processID: 14980, moz:profile: C:\Users\ASUS\AppData\Local..., moz:shutdownTimeout: 60000, moz:webdriverClick: true, moz:windowless: false, pageLoadStrategy: normal, platformName: windows, proxy: Proxy(), se:cdp: ws://127.0.0.1:40415/devtoo..., se:cdpVersion: 85.0, setWindowRect: true, strictFileInteractability: false, timeouts: {implicit: 0, pageLoad: 300000, script: 30000}, unhandledPromptBehavior: dismiss and notify, userAgent: Mozilla/5.0 (Windows NT 10....}
Element: [[FirefoxDriver: firefox on windows (350d62ac-94a2-4a74-95f3-9cb111721ffd)] -> xpath: (//span[.='Sign in'])[1]]
Session ID: 350d62ac-94a2-4a74-95f3-9cb111721ffd
at java.base/jdk.internal.reflect.NativeConstructorAccessorImpl.newInstance0(Native Method)
at java.base/jdk.internal.reflect.NativeConstructorAccessorImpl.newInstance(NativeConstructorAccessorImpl.java:77)
at java.base/jdk.internal.reflect.DelegatingConstructorAccessorImpl.newInstance(DelegatingConstructorAccessorImpl.java:45)
at java.base/java.lang.reflect.Constructor.newInstanceWithCaller(Constructor.java:499)
at java.base/java.lang.reflect.Constructor.newInstance(Constructor.java:480)
at org.openqa.selenium.remote.ErrorCodec.decode(ErrorCodec.java:167)
at org.openqa.selenium.remote.codec.w3c.W3CHttpResponseCodec.decode(W3CHttpResponseCodec.java:138)
at org.openqa.selenium.remote.codec.w3c.W3CHttpResponseCodec.decode(W3CHttpResponseCodec.java:50)
at org.openqa.selenium.remote.HttpCommandExecutor.execute(HttpCommandExecutor.java:190)
at org.openqa.selenium.remote.service.DriverCommandExecutor.invokeExecute(DriverCommandExecutor.java:216)
at org.openqa.selenium.remote.service.DriverCommandExecutor.execute(DriverCommandExecutor.java:174)
at org.openqa.selenium.remote.RemoteWebDriver.execute(RemoteWebDriver.java:527)
at org.openqa.selenium.remote.RemoteWebElement.execute(RemoteWebElement.java:223)
at org.openqa.selenium.remote.RemoteWebElement.click(RemoteWebElement.java:76)
at java.base/jdk.internal.reflect.NativeMethodAccessorImpl.invoke0(Native Method)
at java.base/jdk.internal.reflect.NativeMethodAccessorImpl.invoke(NativeMethodAccessorImpl.java:77)
at java.base/jdk.internal.reflect.DelegatingMethodAccessorImpl.invoke(DelegatingMethodAccessorImpl.java:43)
at java.base/java.lang.reflect.Method.invoke(Method.java:568)
at org.openqa.selenium.support.pagefactory.internal.LocatingElementHandler.invoke(LocatingElementHandler.java:51)
at jdk.proxy2/jdk.proxy2.$Proxy14.click(Unknown Source)
at source.LoginSuccessfull_TestCase2.SignIn(LoginSuccessfull_TestCase2.java:41)
at test.TestCase2.Loginsuccessfull(TestCase2.java:33)
at java.base/jdk.internal.reflect.NativeMethodAccessorImpl.invoke0(Native Method)
at java.base/jdk.internal.reflect.NativeMethodAccessorImpl.invoke(NativeMethodAccessorImpl.java:77)
at java.base/jdk.internal.reflect.DelegatingMethodAccessorImpl.invoke(DelegatingMethodAccessorImpl.java:43)
at java.base/java.lang.reflect.Method.invoke(Method.java:568)
at org.testng.internal.MethodInvocationHelper.invokeMethod(MethodInvocationHelper.java:133)
at org.testng.internal.TestInvoker.invokeMethod(TestInvoker.java:598)
at org.testng.internal.TestInvoker.invokeTestMethod(TestInvoker.java:173)
at org.testng.internal.MethodRunner.runInSequence(MethodRunner.java:46)
at org.testng.internal.TestInvoker$MethodInvocationAgent.invoke(TestInvoker.java:824)
at org.testng.internal.TestInvoker.invokeTestMethods(TestInvoker.java:146)
at org.testng.internal.TestMethodWorker.invokeTestMethods(TestMethodWorker.java:146)
at org.testng.internal.TestMethodWorker.run(TestMethodWorker.java:128)
at java.base/java.util.ArrayList.forEach(ArrayList.java:1511)
at org.testng.TestRunner.privateRun(TestRunner.java:794)
at org.testng.TestRunner.run(TestRunner.java:596)
at org.testng.SuiteRunner.runTest(SuiteRunner.java:377)
at org.testng.SuiteRunner.runSequentially(SuiteRunner.java:371)
at org.testng.SuiteRunner.privateRun(SuiteRunner.java:332)
at org.testng.SuiteRunner.run(SuiteRunner.java:276)
at org.testng.SuiteRunnerWorker.runSuite(SuiteRunnerWorker.java:53)
at org.testng.SuiteRunnerWorker.run(SuiteRunnerWorker.java:96)
at org.testng.TestNG.runSuitesSequentially(TestNG.java:1212)
at org.testng.TestNG.runSuitesLocally(TestNG.java:1134)
at org.testng.TestNG.runSuites(TestNG.java:1063)
at org.testng.TestNG.run(TestNG.java:1031)
at org.testng.remote.AbstractRemoteTestNG.run(AbstractRemoteTestNG.java:115)
at org.testng.remote.RemoteTestNG.initAndRun(RemoteTestNG.java:293)
at org.testng.remote.RemoteTestNG.main(RemoteTestNG.java:91)
]]>
            </full-stacktrace>
          </exception> <!-- org.openqa.selenium.ElementNotInteractableException -->
          <reporter-output>
            <line>
              <![CDATA[Test case is Failure generated by listeneres]]>
            </line>
          </reporter-output>
        </test-method> <!-- Loginsuccessfull -->
      </class> <!-- test.TestCase2 -->
    </test> <!-- Test2 -->
    <test started-at="2024-12-14T14:59:42 IST" name="Test3" finished-at="2024-12-14T15:00:26 IST" duration-ms="44284">
      <class name="test.TestCase2">
        <test-method is-config="true" signature="launch(java.lang.String)[pri:0, instance:test.TestCase2@45099dd3]" started-at="2024-12-14T14:59:42 IST" name="launch" finished-at="2024-12-14T15:00:09 IST" duration-ms="26829" status="PASS">
          <params>
            <param index="0">
              <value>
                <![CDATA[Edge]]>
              </value>
            </param>
          </params>
          <reporter-output>
          </reporter-output>
        </test-method> <!-- launch -->
        <test-method signature="Loginsuccessfull()[pri:0, instance:test.TestCase2@45099dd3]" started-at="2024-12-14T15:00:09 IST" name="Loginsuccessfull" finished-at="2024-12-14T15:00:17 IST" duration-ms="8065" status="PASS">
          <reporter-output>
            <line>
              <![CDATA[Test case is sucess generated by listeneres]]>
            </line>
          </reporter-output>
        </test-method> <!-- Loginsuccessfull -->
      </class> <!-- test.TestCase2 -->
    </test> <!-- Test3 -->
  </suite> <!-- Suite -->
</testng-results>
